<?xml version="1.0" encoding="UTF-8"?>
<testng-results ignored="0" total="2" passed="2" failed="0" skipped="0">
  <reporter-output>
  </reporter-output>
  <suite started-at="2022-12-08T10:05:26 IST" name="Default suite" finished-at="2022-12-08T10:06:22 IST" duration-ms="55278">
    <groups>
    </groups>
    <test started-at="2022-12-08T10:05:26 IST" name="Default test" finished-at="2022-12-08T10:06:22 IST" duration-ms="55278">
      <class name="project1.NewTest">
        <test-method is-config="true" signature="beforeTest()[pri:0, instance:project1.NewTest@3bb9a3ff]" started-at="2022-12-08T10:05:26 IST" name="beforeTest" finished-at="2022-12-08T10:06:02 IST" duration-ms="35378" status="PASS">
          <reporter-output>
          </reporter-output>
        </test-method> <!-- beforeTest -->
        <test-method signature="login()[pri:0, instance:project1.NewTest@3bb9a3ff]" started-at="2022-12-08T10:06:02 IST" name="login" finished-at="2022-12-08T10:06:07 IST" duration-ms="5233" status="PASS">
          <reporter-output>
          </reporter-output>
        </test-method> <!-- login -->
        <test-method signature="Admin()[pri:1, instance:project1.NewTest@3bb9a3ff]" started-at="2022-12-08T10:06:07 IST" name="Admin" finished-at="2022-12-08T10:06:21 IST" duration-ms="13848" status="PASS">
          <reporter-output>
          </reporter-output>
        </test-method> <!-- Admin -->
        <test-method is-config="true" signature="afterTest()[pri:0, instance:project1.NewTest@3bb9a3ff]" started-at="2022-12-08T10:06:21 IST" name="afterTest" finished-at="2022-12-08T10:06:22 IST" duration-ms="596" status="PASS">
          <reporter-output>
          </reporter-output>
        </test-method> <!-- afterTest -->
      </class> <!-- project1.NewTest -->
    </test> <!-- Default test -->
  </suite> <!-- Default suite -->
</testng-results>
